proguard/seeds.txt
android.support.v4.app.FragmentManagerState$1
android.support.v4.app.FragmentManagerState$1: FragmentManagerState$1()
android.support.v4.app.FragmentManagerState$1: android.support.v4.app.FragmentManagerState createFromParcel(android.os.Parcel)
android.support.v4.app.FragmentManagerState$1: android.support.v4.app.FragmentManagerState[] newArray(int)
android.support.v4.app.FragmentManagerState$1: java.lang.Object[] newArray(int)
android.support.v4.app.FragmentManagerState$1: java.lang.Object createFromParcel(android.os.Parcel)
android.support.v4.app.FragmentPagerAdapter
android.support.v4.app.FragmentPagerAdapter: java.lang.String TAG
android.support.v4.app.FragmentPagerAdapter: boolean DEBUG
android.support.v4.app.FragmentPagerAdapter: android.support.v4.app.FragmentManager mFragmentManager
android.support.v4.app.FragmentPagerAdapter: android.support.v4.app.FragmentTransaction mCurTransaction
android.support.v4.app.FragmentPagerAdapter: android.support.v4.app.Fragment mCurrentPrimaryItem
android.support.v4.app.FragmentPagerAdapter: FragmentPagerAdapter(android.support.v4.app.FragmentManager)
android.support.v4.app.FragmentPagerAdapter: android.support.v4.app.Fragment getItem(int)
android.support.v4.app.FragmentPagerAdapter: void startUpdate(android.view.ViewGroup)
android.support.v4.app.FragmentPagerAdapter: java.lang.Object instantiateItem(android.view.ViewGroup,int)
android.support.v4.app.FragmentPagerAdapter: void destroyItem(android.view.ViewGroup,int,java.lang.Object)
android.support.v4.app.FragmentPagerAdapter: void setPrimaryItem(android.view.ViewGroup,int,java.lang.Object)
android.support.v4.app.FragmentPagerAdapter: void finishUpdate(android.view.ViewGroup)
android.support.v4.app.FragmentPagerAdapter: boolean isViewFromObject(android.view.View,java.lang.Object)
android.support.v4.app.FragmentPagerAdapter: android.os.Parcelable saveState()
android.support.v4.app.FragmentPagerAdapter: void restoreState(android.os.Parcelable,java.lang.ClassLoader)
android.support.v4.app.FragmentState
android.support.v4.app.FragmentState: java.lang.String mClassName
android.support.v4.app.FragmentState: int mIndex
android.support.v4.app.FragmentState: boolean mFromLayout
android.support.v4.app.FragmentState: int mFragmentId
android.support.v4.app.FragmentState: int mContainerId
android.support.v4.app.FragmentState: java.lang.String mTag
android.support.v4.app.FragmentState: boolean mRetainInstance
android.support.v4.app.FragmentState: boolean mDetached
android.support.v4.app.FragmentState: android.os.Bundle mArguments
android.support.v4.app.FragmentState: android.os.Bundle mSavedFragmentState
android.support.v4.app.FragmentState: android.support.v4.app.Fragment mInstance
android.support.v4.app.FragmentState: android.os.Parcelable$Creator CREATOR
android.support.v4.app.FragmentState: FragmentState(android.support.v4.app.Fragment)
android.support.v4.app.FragmentState: FragmentState(android.os.Parcel)
android.support.v4.app.FragmentState: android.support.v4.app.Fragment instantiate(android.support.v4.app.FragmentActivity,android.support.v4.app.Fragment)
android.support.v4.app.FragmentState: int describeContents()
android.support.v4.app.FragmentState: void writeToParcel(android.os.Parcel,int)
android.support.v4.app.FragmentState: void <clinit>()
android.support.v4.app.FragmentState$1
android.support.v4.app.FragmentState$1: FragmentState$1()
android.support.v4.app.FragmentState$1: android.support.v4.app.FragmentState createFromParcel(android.os.Parcel)
android.support.v4.app.FragmentState$1: android.support.v4.app.FragmentState[] newArray(int)
android.support.v4.app.FragmentState$1: java.lang.Object[] newArray(int)
android.support.v4.app.FragmentState$1: java.lang.Object createFromParcel(android.os.Parcel)