proguard/mapping.txt
android.support.v4.view.accessibility.AccessibilityManagerCompat$AccessibilityManagerStubImpl -> android.support.v4.view.accessibility.AccessibilityManagerCompat$AccessibilityManagerStubImpl:
    java.lang.Object newAccessiblityStateChangeListener(android.support.v4.view.accessibility.AccessibilityManagerCompat$AccessibilityStateChangeListenerCompat) -> newAccessiblityStateChangeListener
    boolean addAccessibilityStateChangeListener(android.view.accessibility.AccessibilityManager,android.support.v4.view.accessibility.AccessibilityManagerCompat$AccessibilityStateChangeListenerCompat) -> addAccessibilityStateChangeListener
    boolean removeAccessibilityStateChangeListener(android.view.accessibility.AccessibilityManager,android.support.v4.view.accessibility.AccessibilityManagerCompat$AccessibilityStateChangeListenerCompat) -> removeAccessibilityStateChangeListener
    java.util.List getEnabledAccessibilityServiceList(android.view.accessibility.AccessibilityManager,int) -> getEnabledAccessibilityServiceList
    java.util.List getInstalledAccessibilityServiceList(android.view.accessibility.AccessibilityManager) -> getInstalledAccessibilityServiceList
    boolean isTouchExplorationEnabled(android.view.accessibility.AccessibilityManager) -> isTouchExplorationEnabled
android.support.v4.view.accessibility.AccessibilityManagerCompat$AccessibilityManagerVersionImpl -> android.support.v4.view.accessibility.AccessibilityManagerCompat$AccessibilityManagerVersionImpl:
    java.lang.Object newAccessiblityStateChangeListener(android.support.v4.view.accessibility.AccessibilityManagerCompat$AccessibilityStateChangeListenerCompat) -> newAccessiblityStateChangeListener
    boolean addAccessibilityStateChangeListener(android.view.accessibility.AccessibilityManager,android.support.v4.view.accessibility.AccessibilityManagerCompat$AccessibilityStateChangeListenerCompat) -> addAccessibilityStateChangeListener
    boolean removeAccessibilityStateChangeListener(android.view.accessibility.AccessibilityManager,android.support.v4.view.accessibility.AccessibilityManagerCompat$AccessibilityStateChangeListenerCompat) -> removeAccessibilityStateChangeListener
    java.util.List getEnabledAccessibilityServiceList(android.view.accessibility.AccessibilityManager,int) -> getEnabledAccessibilityServiceList
    java.util.List getInstalledAccessibilityServiceList(android.view.accessibility.AccessibilityManager) -> getInstalledAccessibilityServiceList
    boolean isTouchExplorationEnabled(android.view.accessibility.AccessibilityManager) -> isTouchExplorationEnabled
android.support.v4.view.accessibility.AccessibilityManagerCompat$AccessibilityStateChangeListenerCompat -> android.support.v4.view.accessibility.AccessibilityManagerCompat$AccessibilityStateChangeListenerCompat:
    java.lang.Object mListener -> mListener
    void onAccessibilityStateChanged(boolean) -> onAccessibilityStateChanged
android.support.v4.view.accessibility.AccessibilityManagerCompatIcs -> android.support.v4.view.accessibility.AccessibilityManagerCompatIcs:
    java.lang.Object newAccessibilityStateChangeListener(android.support.v4.view.accessibility.AccessibilityManagerCompatIcs$AccessibilityStateChangeListenerBridge) -> newAccessibilityStateChangeListener
    boolean addAccessibilityStateChangeListener(android.view.accessibility.AccessibilityManager,java.lang.Object) -> addAccessibilityStateChangeListener
    boolean removeAccessibilityStateChangeListener(android.view.accessibility.AccessibilityManager,java.lang.Object) -> removeAccessibilityStateChangeListener
    java.util.List getEnabledAccessibilityServiceList(android.view.accessibility.AccessibilityManager,int) -> getEnabledAccessibilityServiceList
    java.util.List getInstalledAccessibilityServiceList(android.view.accessibility.AccessibilityManager) -> getInstalledAccessibilityServiceList
    boolean isTouchExplorationEnabled(android.view.accessibility.AccessibilityManager) -> isTouchExplorationEnabled