proguard/usage.txt
android.annotation.SuppressLint
android.annotation.TargetApi
com.qutest.BuildConfig
com.qutest.Constant
com.qutest.MainActivity:
    89:93:public static void sendGameMessage(int,java.lang.Object)
com.qutest.R
com.qutest.R$anim
com.qutest.R$attr
com.qutest.R$dimen
com.qutest.R$drawable
com.qutest.R$id
com.qutest.R$layout
com.qutest.R$menu
com.qutest.R$string
com.qutest.R$style
com.qutest.UIHandler:
    14:14:public UIHandler()
com.qutest.tool.HttpTool
com.qutest.ui.adapter.QianDaoAdapter:
    private int selectIndex
    121:121:public int getSelectIndex()
    125:126:public void setSelectIndex(int)
com.qutest.ui.ani.TweenAnim2
com.qutest.ui.dialog.CustomDialog:
    public static final int TITLE_TYPE_SYS
    public static final int TITLE_TYPE_CLIENT
    public static final int TITLE_TYPE_NULL
    117:117:public boolean isShowing()
    152:153:protected void setAnim(int)
    157:158:protected void setAlpha(float)
    162:163:protected void setGravity(int)
    165:165:public android.view.Window getWindow()
    169:170:public void setWindow(android.view.Window)
    173:173:public android.view.WindowManager$LayoutParams getWl()
    177:178:public void setWl(android.view.WindowManager$LayoutParams)
    181:181:public android.app.Dialog getDialog()
    185:186:public void setDialog(android.app.Dialog)
    189:189:public android.content.Context getActivity()
    193:194:public void setActivity(android.app.Activity)
    203:203:public void updateDialog()
com.qutest.ui.dialog.DialogUtil:
    12:12:public DialogUtil()
    29:35:public static com.qutest.ui.dialog.CustomDialog getDialogByType(int)
com.qutest.ui.uidata.QianDaoData:
    24:24:public boolean isQiandao()
com.qutest.util.DateUtil:
    13:13:public DateUtil()
    22:23:public static java.lang.String getNowDate()
    27:28:public static java.lang.String getFormatDate(long)
    50:56:public static java.util.Calendar getWeekFirstDay()
    62:68:public static java.util.Calendar getWeekLastDay()
    73:78:public static boolean isSameDay(java.util.Calendar,java.util.Calendar)
    82:88:public static boolean isSameDay(long,long)
    122:122:public static void main(java.lang.String[])
com.qutest.util.ImageUtil
com.qutest.util.RandomUtil:
    9:9:public RandomUtil()
    14:14:public static int getRandom(int)
    19:19:public static int getRandomExcept(int)
    28:40:public static java.lang.String getCharacter(int)
com.qutest.util.ScaleUtil:
    12:12:public ScaleUtil()
    17:20:public static float[] getXY(float,float)